s:\uni 2nd year\graphics programming\rolling_02_11\gp\debug\vc140.pdb
s:\uni 2nd year\graphics programming\rolling_02_11\gp\debug\vc140.idb
s:\uni 2nd year\graphics programming\rolling_02_11\gp\debug\camera.obj
s:\uni 2nd year\graphics programming\rolling_02_11\gp\debug\input.obj
s:\uni 2nd year\graphics programming\rolling_02_11\gp\debug\main.obj
s:\uni 2nd year\graphics programming\rolling_02_11\gp\debug\scene3d.obj
s:\uni 2nd year\graphics programming\rolling_02_11\gp\debug\timer.obj
s:\uni 2nd year\graphics programming\rolling_02_11\gp\debug\vector3.obj
s:\uni 2nd year\graphics programming\rolling_02_11\gp\debug\shape.obj
s:\uni 2nd year\graphics programming\rolling_02_13\gp\debug\vc140.pdb
s:\uni 2nd year\graphics programming\rolling_02_13\gp\debug\vc140.idb
s:\uni 2nd year\graphics programming\rolling_02_13\gp\debug\camera.obj
s:\uni 2nd year\graphics programming\rolling_02_13\gp\debug\input.obj
s:\uni 2nd year\graphics programming\rolling_02_13\gp\debug\main.obj
s:\uni 2nd year\graphics programming\rolling_02_13\gp\debug\proceduralgeneration.obj
s:\uni 2nd year\graphics programming\rolling_02_13\gp\debug\scene3d.obj
s:\uni 2nd year\graphics programming\rolling_02_13\gp\debug\shape.obj
s:\uni 2nd year\graphics programming\rolling_02_13\gp\debug\timer.obj
s:\uni 2nd year\graphics programming\rolling_02_13\gp\debug\vector3.obj
s:\uni 2nd year\graphics programming\rolling_02_11\debug\gp.ilk
s:\uni 2nd year\graphics programming\rolling_02_11\debug\gp.exe
s:\uni 2nd year\graphics programming\rolling_02_11\debug\gp.pdb
s:\uni 2nd year\graphics programming\rolling_02_13\debug\gp.ilk
s:\uni 2nd year\graphics programming\rolling_02_13\debug\gp.exe
s:\uni 2nd year\graphics programming\rolling_02_13\debug\gp.pdb
s:\uni 2nd year\graphics programming\rolling_02_13\gp\debug\camera.obj.enc
s:\uni 2nd year\graphics programming\rolling_02_13\gp\debug\shape.obj.enc
s:\uni 2nd year\graphics programming\rolling_02_13\gp\debug\vc120.idb
s:\uni 2nd year\graphics programming\rolling_02_13\gp\debug\vc120.pdb
s:\uni 2nd year\graphics programming\rolling_02_13\gp\debug\gp.tlog\cl.command.1.tlog
s:\uni 2nd year\graphics programming\rolling_02_13\gp\debug\gp.tlog\cl.read.1.tlog
s:\uni 2nd year\graphics programming\rolling_02_13\gp\debug\gp.tlog\cl.write.1.tlog
s:\uni 2nd year\graphics programming\rolling_02_13\gp\debug\gp.tlog\link.command.1.tlog
s:\uni 2nd year\graphics programming\rolling_02_13\gp\debug\gp.tlog\link.read.1.tlog
s:\uni 2nd year\graphics programming\rolling_02_13\gp\debug\gp.tlog\link.write.1.tlog
